<?xml version="1.0" encoding="UTF-8"?>
<!-- Generated by org.testng.reporters.JUnitReportReporter -->
<testsuite hostname="DESKTOP-ELR5HNC" failures="0" tests="3" name="testcases.LoginTest" time="4.930" errors="0" timestamp="2024-03-19T16:20:16 IST" skipped="0">
  <testcase classname="testcases.LoginTest" name="test_EnterUser" time="1.360"/>
  <testcase classname="testcases.LoginTest" name="test_EnterPassword" time="0.156"/>
  <testcase classname="testcases.LoginTest" name="test_Login" time="3.414"/>
</testsuite> <!-- testcases.LoginTest -->
