<?xml version="1.0" encoding="UTF-8"?>
<!-- Generated by org.testng.reporters.JUnitReportReporter -->
<testsuite hostname="DESKTOP-ELR5HNC" failures="0" tests="3" name="testcases.LoginTest" time="11.546" errors="0" timestamp="2024-03-19T20:17:36 IST" skipped="0">
  <testcase classname="testcases.LoginTest" name="test_EnterUser" time="2.802"/>
  <testcase classname="testcases.LoginTest" name="test_EnterPassword" time="0.305"/>
  <testcase classname="testcases.LoginTest" name="test_Login" time="8.439"/>
</testsuite> <!-- testcases.LoginTest -->
