<?xml version="1.0" encoding="UTF-8"?>
<!-- Generated by org.testng.reporters.JUnitReportReporter -->
<testsuite hostname="DESKTOP-ELR5HNC" failures="0" tests="3" name="testcases.LoginTest" time="2.494" errors="0" timestamp="2024-03-19T16:21:36 IST" skipped="0">
  <testcase classname="testcases.LoginTest" name="test_EnterUser" time="0.397"/>
  <testcase classname="testcases.LoginTest" name="test_EnterPassword" time="0.498"/>
  <testcase classname="testcases.LoginTest" name="test_Login" time="1.599"/>
</testsuite> <!-- testcases.LoginTest -->
