<?xml version="1.0" encoding="UTF-8"?>
<!-- Generated by org.testng.reporters.JUnitReportReporter -->
<testsuite hostname="DESKTOP-ELR5HNC" failures="0" tests="3" name="testcases.LoginTest" time="2.741" errors="0" timestamp="2024-03-22T22:16:32 IST" skipped="0">
  <testcase classname="testcases.LoginTest" name="test_EnterUser" time="0.548"/>
  <testcase classname="testcases.LoginTest" name="test_EnterPassword" time="0.174"/>
  <testcase classname="testcases.LoginTest" name="test_Login" time="2.019"/>
</testsuite> <!-- testcases.LoginTest -->
